<?xml version="1.0" encoding="UTF-8"?>
<testng-results skipped="0" failed="0" total="1" passed="1">
  <reporter-output>
  </reporter-output>
  <suite name="Default suite" duration-ms="19647" started-at="2020-06-30T09:03:17Z" finished-at="2020-06-30T09:03:37Z">
    <groups>
    </groups>
    <test name="Default test" duration-ms="19647" started-at="2020-06-30T09:03:17Z" finished-at="2020-06-30T09:03:37Z">
      <class name="testing.ExtentReport.ExtentReportDemo">
        <test-method status="PASS" signature="config()[pri:0, instance:testing.ExtentReport.ExtentReportDemo@d56d67]" name="config" is-config="true" duration-ms="904" started-at="2020-06-30T14:33:17Z" finished-at="2020-06-30T14:33:18Z">
          <reporter-output>
          </reporter-output>
        </test-method> <!-- config -->
        <test-method status="PASS" signature="initialDemo()[pri:0, instance:testing.ExtentReport.ExtentReportDemo@d56d67]" name="initialDemo" duration-ms="18706" started-at="2020-06-30T14:33:18Z" finished-at="2020-06-30T14:33:37Z">
          <reporter-output>
          </reporter-output>
        </test-method> <!-- initialDemo -->
      </class> <!-- testing.ExtentReport.ExtentReportDemo -->
    </test> <!-- Default test -->
  </suite> <!-- Default suite -->
</testng-results>
